  digicam.c
c:\users\db-lab\source\repos\hybrid_with_offset\hybrid_with_offset\digicam.c(79): warning C4098: 'digicam_new_hy': 'void' 함수에서 값을 반환하고 있습니다.
c:\users\db-lab\source\repos\hybrid_with_offset\hybrid_with_offset\digicam.c(46): warning C4101: 'lsn' :참조되지 않은 지역 변수입니다.
  ftlmgr.c
c:\users\db-lab\source\repos\hybrid_with_offset\hybrid_with_offset\ftlmgr.c(89): warning C4013: 'repeat'이(가) 정의되지 않았습니다. extern은 int형을 반환하는 것으로 간주합니다.
  linux.c
c:\users\db-lab\source\repos\hybrid_with_offset\hybrid_with_offset\linux.c(77): warning C4098: 'linux_hy': 'void' 함수에서 값을 반환하고 있습니다.
c:\users\db-lab\source\repos\hybrid_with_offset\hybrid_with_offset\linux.c(44): warning C4101: 'lsn' :참조되지 않은 지역 변수입니다.
  main.c
c:\users\db-lab\source\repos\hybrid_with_offset\hybrid_with_offset\main.c(48): warning C4013: 'hybrid_write'이(가) 정의되지 않았습니다. extern은 int형을 반환하는 것으로 간주합니다.
c:\users\db-lab\source\repos\hybrid_with_offset\hybrid_with_offset\main.c(68): warning C4020: 'calculateTime': 실제 매개 변수가 너무 많습니다.
c:\users\db-lab\source\repos\hybrid_with_offset\hybrid_with_offset\main.c(75): warning C4020: 'calculateTime': 실제 매개 변수가 너무 많습니다.
c:\users\db-lab\source\repos\hybrid_with_offset\hybrid_with_offset\main.c(82): warning C4020: 'calculateTime': 실제 매개 변수가 너무 많습니다.
  nikon.c
c:\users\db-lab\source\repos\hybrid_with_offset\hybrid_with_offset\nikon.c(49): warning C4098: 'nikon_hy': 'void' 함수에서 값을 반환하고 있습니다.
c:\users\db-lab\source\repos\hybrid_with_offset\hybrid_with_offset\nikon.c(19): warning C4101: 'sectorbuf' :참조되지 않은 지역 변수입니다.
c:\users\db-lab\source\repos\hybrid_with_offset\hybrid_with_offset\nikon.c(20): warning C4101: 'lsn' :참조되지 않은 지역 변수입니다.
  코드를 생성하고 있습니다...
c:\users\db-lab\source\repos\hybrid_with_offset\hybrid_with_offset\ftlmgr.c(122): warning C4715: 'hybrid_write': 모든 제어 경로에서 값을 반환하지는 않습니다.
  hybrid_with_offset.vcxproj -> C:\Users\DB-LAB\source\repos\hybrid_with_offset\Debug\hybrid_with_offset.exe
